  [1m[35m (582.7ms)[0m  [1m[35mCREATE DATABASE "movies_api_rails_development" ENCODING = 'unicode'[0m
  [1m[35m (471.4ms)[0m  [1m[35mCREATE DATABASE "movies_api_rails_test" ENCODING = 'unicode'[0m
  [1m[35m (5.6ms)[0m  [1m[35mCREATE TABLE "schema_migrations" ("version" character varying NOT NULL PRIMARY KEY)[0m
  [1m[35m (6.5ms)[0m  [1m[35mCREATE TABLE "ar_internal_metadata" ("key" character varying NOT NULL PRIMARY KEY, "value" character varying, "created_at" timestamp(6) NOT NULL, "updated_at" timestamp(6) NOT NULL)[0m
  [1m[35m (0.2ms)[0m  [1m[34mSELECT pg_try_advisory_lock(7139079541276445805)[0m
  [1m[35m (0.5ms)[0m  [1m[34mSELECT "schema_migrations"."version" FROM "schema_migrations" ORDER BY "schema_migrations"."version" ASC[0m
Migrating to CreateMovies (20200110185714)
  [1m[35m (0.3ms)[0m  [1m[35mBEGIN[0m
  [1m[35m (4.3ms)[0m  [1m[35mCREATE TABLE "movies" ("id" bigserial primary key, "title" character varying, "year" integer, "score" integer, "imageUrl" character varying, "created_at" timestamp(6) NOT NULL, "updated_at" timestamp(6) NOT NULL)[0m
  [1m[36mprimary::SchemaMigration Create (0.4ms)[0m  [1m[32mINSERT INTO "schema_migrations" ("version") VALUES ($1) RETURNING "version"[0m  [["version", "20200110185714"]]
  [1m[35m (0.4ms)[0m  [1m[35mCOMMIT[0m
  [1m[36mActiveRecord::InternalMetadata Load (0.4ms)[0m  [1m[34mSELECT "ar_internal_metadata".* FROM "ar_internal_metadata" WHERE "ar_internal_metadata"."key" = $1 LIMIT $2[0m  [["key", "environment"], ["LIMIT", 1]]
  [1m[35m (0.1ms)[0m  [1m[35mBEGIN[0m
  [1m[36mActiveRecord::InternalMetadata Create (0.4ms)[0m  [1m[32mINSERT INTO "ar_internal_metadata" ("key", "value", "created_at", "updated_at") VALUES ($1, $2, $3, $4) RETURNING "key"[0m  [["key", "environment"], ["value", "development"], ["created_at", "2020-01-10 19:08:37.706104"], ["updated_at", "2020-01-10 19:08:37.706104"]]
  [1m[35m (0.3ms)[0m  [1m[35mCOMMIT[0m
  [1m[35m (0.2ms)[0m  [1m[34mSELECT pg_advisory_unlock(7139079541276445805)[0m
  [1m[35m (0.8ms)[0m  [1m[34mSELECT "schema_migrations"."version" FROM "schema_migrations" ORDER BY "schema_migrations"."version" ASC[0m
  [1m[35m (0.6ms)[0m  [1m[34mSELECT "schema_migrations"."version" FROM "schema_migrations" ORDER BY "schema_migrations"."version" ASC[0m
  [1m[36mMovie Load (0.5ms)[0m  [1m[34mSELECT "movies".* FROM "movies"[0m
  [1m[35m (0.2ms)[0m  [1m[35mBEGIN[0m
  [1m[36mMovie Create (0.7ms)[0m  [1m[32mINSERT INTO "movies" ("title", "year", "score", "imageUrl", "created_at", "updated_at") VALUES ($1, $2, $3, $4, $5, $6) RETURNING "id"[0m  [["title", "Jaws"], ["year", 1975], ["score", 0], ["imageUrl", "https://resizing.flixster.com/h8e7W7cVaQhuLdSvABDkJk6r5sc=/206x305/v1.bTsxMTE2NjE5OTtqOzE4MzU0OzEyMDA7ODAwOzEyMDA"], ["created_at", "2020-01-10 19:11:00.181245"], ["updated_at", "2020-01-10 19:11:00.181245"]]
  [1m[35m (0.4ms)[0m  [1m[35mCOMMIT[0m
  [1m[35m (0.1ms)[0m  [1m[35mBEGIN[0m
  [1m[36mMovie Create (0.3ms)[0m  [1m[32mINSERT INTO "movies" ("title", "year", "score", "imageUrl", "created_at", "updated_at") VALUES ($1, $2, $3, $4, $5, $6) RETURNING "id"[0m  [["title", "The Matrix"], ["year", 1999], ["score", 0], ["imageUrl", "https://imgc.allpostersimages.com/img/print/u-g-F4S5W20.jpg?w=550&h=550&p=0"], ["created_at", "2020-01-10 19:11:00.186769"], ["updated_at", "2020-01-10 19:11:00.186769"]]
  [1m[35m (0.3ms)[0m  [1m[35mCOMMIT[0m
  [1m[35m (0.1ms)[0m  [1m[35mBEGIN[0m
  [1m[36mMovie Create (0.3ms)[0m  [1m[32mINSERT INTO "movies" ("title", "year", "score", "imageUrl", "created_at", "updated_at") VALUES ($1, $2, $3, $4, $5, $6) RETURNING "id"[0m  [["title", "The Goonies"], ["year", 1985], ["score", 0], ["imageUrl", "https://images-na.ssl-images-amazon.com/images/I/515DYf99zfL.jpg"], ["created_at", "2020-01-10 19:11:00.190594"], ["updated_at", "2020-01-10 19:11:00.190594"]]
  [1m[35m (0.3ms)[0m  [1m[35mCOMMIT[0m
  [1m[35m (0.1ms)[0m  [1m[35mBEGIN[0m
  [1m[36mMovie Create (0.3ms)[0m  [1m[32mINSERT INTO "movies" ("title", "year", "score", "imageUrl", "created_at", "updated_at") VALUES ($1, $2, $3, $4, $5, $6) RETURNING "id"[0m  [["title", "Free Willy"], ["year", 1993], ["score", 0], ["imageUrl", "https://upload.wikimedia.org/wikipedia/en/thumb/b/b5/Free_willy.jpg/220px-Free_willy.jpg"], ["created_at", "2020-01-10 19:11:00.196654"], ["updated_at", "2020-01-10 19:11:00.196654"]]
  [1m[35m (0.3ms)[0m  [1m[35mCOMMIT[0m
  [1m[35m (0.1ms)[0m  [1m[35mBEGIN[0m
  [1m[36mMovie Create (0.2ms)[0m  [1m[32mINSERT INTO "movies" ("title", "year", "score", "imageUrl", "created_at", "updated_at") VALUES ($1, $2, $3, $4, $5, $6) RETURNING "id"[0m  [["title", "Top Gun"], ["year", 1986], ["score", 0], ["imageUrl", "https://m.media-amazon.com/images/M/MV5BZjQxYTA3ODItNzgxMy00N2Y2LWJlZGMtMTRlM2JkZjI1ZDhhXkEyXkFqcGdeQXVyNDk3NzU2MTQ@._V1_.jpg"], ["created_at", "2020-01-10 19:11:00.199403"], ["updated_at", "2020-01-10 19:11:00.199403"]]
  [1m[35m (0.3ms)[0m  [1m[35mCOMMIT[0m
  [1m[35m (0.1ms)[0m  [1m[35mBEGIN[0m
  [1m[36mMovie Create (0.2ms)[0m  [1m[32mINSERT INTO "movies" ("title", "year", "score", "imageUrl", "created_at", "updated_at") VALUES ($1, $2, $3, $4, $5, $6) RETURNING "id"[0m  [["title", "Mean Girls"], ["year", 2004], ["score", 0], ["imageUrl", "https://img01.mgo-images.com/image/thumbnail?id=1MV270609a1c6c89af5538a6d63cea71ed4&ql=70&sizes=310x465"], ["created_at", "2020-01-10 19:11:00.201718"], ["updated_at", "2020-01-10 19:11:00.201718"]]
  [1m[35m (0.3ms)[0m  [1m[35mCOMMIT[0m
  [1m[35m (0.1ms)[0m  [1m[35mBEGIN[0m
  [1m[36mMovie Create (0.2ms)[0m  [1m[32mINSERT INTO "movies" ("title", "year", "score", "imageUrl", "created_at", "updated_at") VALUES ($1, $2, $3, $4, $5, $6) RETURNING "id"[0m  [["title", "Thing"], ["year", 1986], ["score", 0], ["imageUrl", "https://vignette.wikia.nocookie.net/thething/images/b/bf/Thing_poster_01.jpg/revision/latest?cb=20111230144300"], ["created_at", "2020-01-10 19:11:00.204035"], ["updated_at", "2020-01-10 19:11:00.204035"]]
  [1m[35m (0.3ms)[0m  [1m[35mCOMMIT[0m
  [1m[36mMovie Load (0.5ms)[0m  [1m[34mSELECT "movies".* FROM "movies" ORDER BY "movies"."id" ASC LIMIT $1[0m  [["LIMIT", 1]]
  [1m[36mMovie Load (0.5ms)[0m  [1m[34mSELECT "movies".* FROM "movies" LIMIT $1[0m  [["LIMIT", 11]]
Started GET "/" for ::1 at 2020-01-10 14:11:35 -0500
  [1m[35m (0.6ms)[0m  [1m[34mSELECT "schema_migrations"."version" FROM "schema_migrations" ORDER BY "schema_migrations"."version" ASC[0m
Processing by Rails::WelcomeController#index as HTML
  Rendering /Users/sdoran/.rvm/gems/ruby-2.6.1/gems/railties-6.0.2.1/lib/rails/templates/rails/welcome/index.html.erb
  Rendered /Users/sdoran/.rvm/gems/ruby-2.6.1/gems/railties-6.0.2.1/lib/rails/templates/rails/welcome/index.html.erb (Duration: 8.6ms | Allocations: 481)
Completed 200 OK in 18ms (Views: 12.9ms | ActiveRecord: 0.0ms | Allocations: 2642)


Started GET "/movies" for ::1 at 2020-01-10 14:11:42 -0500
  
ActionController::RoutingError (No route matches [GET] "/movies"):
  
actionpack (6.0.2.1) lib/action_dispatch/middleware/debug_exceptions.rb:36:in `call'
actionpack (6.0.2.1) lib/action_dispatch/middleware/show_exceptions.rb:33:in `call'
railties (6.0.2.1) lib/rails/rack/logger.rb:38:in `call_app'
railties (6.0.2.1) lib/rails/rack/logger.rb:26:in `block in call'
activesupport (6.0.2.1) lib/active_support/tagged_logging.rb:80:in `block in tagged'
activesupport (6.0.2.1) lib/active_support/tagged_logging.rb:28:in `tagged'
activesupport (6.0.2.1) lib/active_support/tagged_logging.rb:80:in `tagged'
railties (6.0.2.1) lib/rails/rack/logger.rb:26:in `call'
actionpack (6.0.2.1) lib/action_dispatch/middleware/remote_ip.rb:81:in `call'
actionpack (6.0.2.1) lib/action_dispatch/middleware/request_id.rb:27:in `call'
rack (2.1.0) lib/rack/runtime.rb:24:in `call'
activesupport (6.0.2.1) lib/active_support/cache/strategy/local_cache_middleware.rb:29:in `call'
actionpack (6.0.2.1) lib/action_dispatch/middleware/executor.rb:14:in `call'
actionpack (6.0.2.1) lib/action_dispatch/middleware/static.rb:126:in `call'
rack (2.1.0) lib/rack/sendfile.rb:113:in `call'
actionpack (6.0.2.1) lib/action_dispatch/middleware/host_authorization.rb:83:in `call'
railties (6.0.2.1) lib/rails/engine.rb:526:in `call'
puma (4.3.1) lib/puma/configuration.rb:228:in `call'
puma (4.3.1) lib/puma/server.rb:681:in `handle_request'
puma (4.3.1) lib/puma/server.rb:472:in `process_client'
puma (4.3.1) lib/puma/server.rb:328:in `block in run'
puma (4.3.1) lib/puma/thread_pool.rb:134:in `block in spawn_thread'
Started GET "/api/v1/movies" for ::1 at 2020-01-10 14:12:08 -0500
Processing by Api::V1::MoviesController#index as HTML
  [1m[36mMovie Load (0.7ms)[0m  [1m[34mSELECT "movies".* FROM "movies"[0m
  ↳ app/controllers/api/v1/movies_controller.rb:5:in `index'
Completed 200 OK in 17ms (Views: 8.8ms | ActiveRecord: 6.4ms | Allocations: 6898)


Started GET "/api/v1/movies.html" for ::1 at 2020-01-10 14:12:37 -0500
Processing by Api::V1::MoviesController#index as HTML
  [1m[36mMovie Load (0.7ms)[0m  [1m[34mSELECT "movies".* FROM "movies"[0m
  ↳ app/controllers/api/v1/movies_controller.rb:5:in `index'
Completed 200 OK in 4ms (Views: 3.0ms | ActiveRecord: 0.7ms | Allocations: 1744)


Started GET "/api/v1/movies.html" for ::1 at 2020-01-10 14:12:40 -0500
Processing by Api::V1::MoviesController#index as HTML
  [1m[36mMovie Load (0.4ms)[0m  [1m[34mSELECT "movies".* FROM "movies"[0m
  ↳ app/controllers/api/v1/movies_controller.rb:5:in `index'
Completed 200 OK in 3ms (Views: 2.2ms | ActiveRecord: 0.4ms | Allocations: 1744)


Started GET "/api/v1/movies.json" for ::1 at 2020-01-10 14:12:44 -0500
Processing by Api::V1::MoviesController#index as JSON
  [1m[36mMovie Load (0.3ms)[0m  [1m[34mSELECT "movies".* FROM "movies"[0m
  ↳ app/controllers/api/v1/movies_controller.rb:5:in `index'
Completed 200 OK in 3ms (Views: 2.6ms | ActiveRecord: 0.3ms | Allocations: 1725)


Started GET "/api/v1/movies.json" for ::1 at 2020-01-10 14:16:22 -0500
Processing by Api::V1::MoviesController#index as JSON
  [1m[36mMovie Load (0.3ms)[0m  [1m[34mSELECT "movies".* FROM "movies"[0m
  ↳ app/controllers/api/v1/movies_controller.rb:5:in `index'
Completed 200 OK in 11ms (Views: 5.9ms | ActiveRecord: 4.5ms | Allocations: 6053)


Started GET "/api/v1/movies.json" for ::1 at 2020-01-10 14:16:57 -0500
Processing by Api::V1::MoviesController#index as JSON
  [1m[36mMovie Load (0.3ms)[0m  [1m[34mSELECT "movies".* FROM "movies"[0m
  ↳ app/controllers/api/v1/movies_controller.rb:5:in `index'
Completed 200 OK in 11ms (Views: 5.7ms | ActiveRecord: 4.0ms | Allocations: 6022)


Started GET "/api/v1/movies.json" for ::1 at 2020-01-10 14:17:04 -0500
Processing by Api::V1::MoviesController#index as JSON
  [1m[36mMovie Load (0.4ms)[0m  [1m[34mSELECT "movies".* FROM "movies"[0m
  ↳ app/controllers/api/v1/movies_controller.rb:5:in `index'
Completed 200 OK in 10ms (Views: 5.1ms | ActiveRecord: 4.0ms | Allocations: 6051)


Started GET "/api/v1/movies.json" for ::1 at 2020-01-10 14:19:10 -0500
Processing by Api::V1::MoviesController#index as JSON
  [1m[36mMovie Load (0.4ms)[0m  [1m[34mSELECT "movies".* FROM "movies"[0m
  ↳ app/controllers/api/v1/movies_controller.rb:5:in `index'
Completed 200 OK in 12ms (Views: 6.0ms | ActiveRecord: 4.6ms | Allocations: 6051)


Started GET "/api/v1/movies/1" for ::1 at 2020-01-10 14:19:15 -0500
Processing by Api::V1::MoviesController#show as HTML
  Parameters: {"id"=>"1"}
  [1m[36mMovie Load (0.2ms)[0m  [1m[34mSELECT "movies".* FROM "movies" WHERE "movies"."id" = $1 LIMIT $2[0m  [["id", 1], ["LIMIT", 1]]
  ↳ app/controllers/api/v1/movies_controller.rb:9:in `show'
Completed 200 OK in 3ms (Views: 0.3ms | ActiveRecord: 0.4ms | Allocations: 1120)


Started GET "/api/v1/movies/1" for ::1 at 2020-01-10 14:20:08 -0500
  
AbstractController::ActionNotFound (The action 'show' could not be found for Api::V1::MoviesController):
  
actionpack (6.0.2.1) lib/abstract_controller/base.rb:131:in `process'
actionpack (6.0.2.1) lib/action_controller/metal.rb:191:in `dispatch'
actionpack (6.0.2.1) lib/action_controller/metal.rb:252:in `dispatch'
actionpack (6.0.2.1) lib/action_dispatch/routing/route_set.rb:51:in `dispatch'
actionpack (6.0.2.1) lib/action_dispatch/routing/route_set.rb:33:in `serve'
actionpack (6.0.2.1) lib/action_dispatch/journey/router.rb:49:in `block in serve'
actionpack (6.0.2.1) lib/action_dispatch/journey/router.rb:32:in `each'
actionpack (6.0.2.1) lib/action_dispatch/journey/router.rb:32:in `serve'
actionpack (6.0.2.1) lib/action_dispatch/routing/route_set.rb:837:in `call'
rack (2.1.0) lib/rack/etag.rb:27:in `call'
rack (2.1.0) lib/rack/conditional_get.rb:27:in `call'
rack (2.1.0) lib/rack/head.rb:14:in `call'
activerecord (6.0.2.1) lib/active_record/migration.rb:567:in `call'
actionpack (6.0.2.1) lib/action_dispatch/middleware/callbacks.rb:27:in `block in call'
activesupport (6.0.2.1) lib/active_support/callbacks.rb:101:in `run_callbacks'
actionpack (6.0.2.1) lib/action_dispatch/middleware/callbacks.rb:26:in `call'
actionpack (6.0.2.1) lib/action_dispatch/middleware/executor.rb:14:in `call'
actionpack (6.0.2.1) lib/action_dispatch/middleware/actionable_exceptions.rb:17:in `call'
actionpack (6.0.2.1) lib/action_dispatch/middleware/debug_exceptions.rb:32:in `call'
actionpack (6.0.2.1) lib/action_dispatch/middleware/show_exceptions.rb:33:in `call'
railties (6.0.2.1) lib/rails/rack/logger.rb:38:in `call_app'
railties (6.0.2.1) lib/rails/rack/logger.rb:26:in `block in call'
activesupport (6.0.2.1) lib/active_support/tagged_logging.rb:80:in `block in tagged'
activesupport (6.0.2.1) lib/active_support/tagged_logging.rb:28:in `tagged'
activesupport (6.0.2.1) lib/active_support/tagged_logging.rb:80:in `tagged'
railties (6.0.2.1) lib/rails/rack/logger.rb:26:in `call'
actionpack (6.0.2.1) lib/action_dispatch/middleware/remote_ip.rb:81:in `call'
actionpack (6.0.2.1) lib/action_dispatch/middleware/request_id.rb:27:in `call'
rack (2.1.0) lib/rack/runtime.rb:24:in `call'
activesupport (6.0.2.1) lib/active_support/cache/strategy/local_cache_middleware.rb:29:in `call'
actionpack (6.0.2.1) lib/action_dispatch/middleware/executor.rb:14:in `call'
actionpack (6.0.2.1) lib/action_dispatch/middleware/static.rb:126:in `call'
rack (2.1.0) lib/rack/sendfile.rb:113:in `call'
actionpack (6.0.2.1) lib/action_dispatch/middleware/host_authorization.rb:83:in `call'
railties (6.0.2.1) lib/rails/engine.rb:526:in `call'
puma (4.3.1) lib/puma/configuration.rb:228:in `call'
puma (4.3.1) lib/puma/server.rb:681:in `handle_request'
puma (4.3.1) lib/puma/server.rb:472:in `process_client'
puma (4.3.1) lib/puma/server.rb:328:in `block in run'
puma (4.3.1) lib/puma/thread_pool.rb:134:in `block in spawn_thread'
Started GET "/api/v1/movies" for ::1 at 2020-01-10 14:23:16 -0500
  [1m[35m (1.0ms)[0m  [1m[34mSELECT "schema_migrations"."version" FROM "schema_migrations" ORDER BY "schema_migrations"."version" ASC[0m
Processing by Api::V1::MoviesController#index as */*
  [1m[36mMovie Load (0.6ms)[0m  [1m[34mSELECT "movies".* FROM "movies"[0m
  ↳ app/controllers/api/v1/movies_controller.rb:5:in `index'
Completed 200 OK in 21ms (Views: 13.4ms | ActiveRecord: 5.7ms | Allocations: 6603)


Started GET "/api/v1/movies" for ::1 at 2020-01-10 14:26:23 -0500
  [1m[35m (0.7ms)[0m  [1m[34mSELECT "schema_migrations"."version" FROM "schema_migrations" ORDER BY "schema_migrations"."version" ASC[0m
Processing by Api::V1::MoviesController#index as */*
  [1m[36mMovie Load (0.5ms)[0m  [1m[34mSELECT "movies".* FROM "movies"[0m
  ↳ app/controllers/api/v1/movies_controller.rb:5:in `index'
Completed 200 OK in 12ms (Views: 6.2ms | ActiveRecord: 5.2ms | Allocations: 6601)


Started POST "/api/v1/movies" for ::1 at 2020-01-10 14:27:31 -0500
  
AbstractController::ActionNotFound (The action 'create' could not be found for Api::V1::MoviesController):
  
actionpack (6.0.2.1) lib/abstract_controller/base.rb:131:in `process'
actionpack (6.0.2.1) lib/action_controller/metal.rb:191:in `dispatch'
actionpack (6.0.2.1) lib/action_controller/metal.rb:252:in `dispatch'
actionpack (6.0.2.1) lib/action_dispatch/routing/route_set.rb:51:in `dispatch'
actionpack (6.0.2.1) lib/action_dispatch/routing/route_set.rb:33:in `serve'
actionpack (6.0.2.1) lib/action_dispatch/journey/router.rb:49:in `block in serve'
actionpack (6.0.2.1) lib/action_dispatch/journey/router.rb:32:in `each'
actionpack (6.0.2.1) lib/action_dispatch/journey/router.rb:32:in `serve'
actionpack (6.0.2.1) lib/action_dispatch/routing/route_set.rb:837:in `call'
rack (2.1.0) lib/rack/etag.rb:27:in `call'
rack (2.1.0) lib/rack/conditional_get.rb:40:in `call'
rack (2.1.0) lib/rack/head.rb:14:in `call'
activerecord (6.0.2.1) lib/active_record/migration.rb:567:in `call'
actionpack (6.0.2.1) lib/action_dispatch/middleware/callbacks.rb:27:in `block in call'
activesupport (6.0.2.1) lib/active_support/callbacks.rb:101:in `run_callbacks'
actionpack (6.0.2.1) lib/action_dispatch/middleware/callbacks.rb:26:in `call'
actionpack (6.0.2.1) lib/action_dispatch/middleware/executor.rb:14:in `call'
actionpack (6.0.2.1) lib/action_dispatch/middleware/actionable_exceptions.rb:17:in `call'
actionpack (6.0.2.1) lib/action_dispatch/middleware/debug_exceptions.rb:32:in `call'
actionpack (6.0.2.1) lib/action_dispatch/middleware/show_exceptions.rb:33:in `call'
railties (6.0.2.1) lib/rails/rack/logger.rb:38:in `call_app'
railties (6.0.2.1) lib/rails/rack/logger.rb:26:in `block in call'
activesupport (6.0.2.1) lib/active_support/tagged_logging.rb:80:in `block in tagged'
activesupport (6.0.2.1) lib/active_support/tagged_logging.rb:28:in `tagged'
activesupport (6.0.2.1) lib/active_support/tagged_logging.rb:80:in `tagged'
railties (6.0.2.1) lib/rails/rack/logger.rb:26:in `call'
actionpack (6.0.2.1) lib/action_dispatch/middleware/remote_ip.rb:81:in `call'
actionpack (6.0.2.1) lib/action_dispatch/middleware/request_id.rb:27:in `call'
rack (2.1.0) lib/rack/runtime.rb:24:in `call'
activesupport (6.0.2.1) lib/active_support/cache/strategy/local_cache_middleware.rb:29:in `call'
actionpack (6.0.2.1) lib/action_dispatch/middleware/executor.rb:14:in `call'
actionpack (6.0.2.1) lib/action_dispatch/middleware/static.rb:126:in `call'
rack (2.1.0) lib/rack/sendfile.rb:113:in `call'
actionpack (6.0.2.1) lib/action_dispatch/middleware/host_authorization.rb:83:in `call'
rack-cors (1.1.0) lib/rack/cors.rb:100:in `call'
railties (6.0.2.1) lib/rails/engine.rb:526:in `call'
puma (4.3.1) lib/puma/configuration.rb:228:in `call'
puma (4.3.1) lib/puma/server.rb:681:in `handle_request'
puma (4.3.1) lib/puma/server.rb:472:in `process_client'
puma (4.3.1) lib/puma/server.rb:328:in `block in run'
puma (4.3.1) lib/puma/thread_pool.rb:134:in `block in spawn_thread'
Started GET "/api/v1/movies" for ::1 at 2020-01-10 14:29:10 -0500
Processing by Api::V1::MoviesController#index as */*
  [1m[36mMovie Load (0.3ms)[0m  [1m[34mSELECT "movies".* FROM "movies"[0m
  ↳ app/controllers/api/v1/movies_controller.rb:5:in `index'
Completed 200 OK in 11ms (Views: 6.0ms | ActiveRecord: 4.2ms | Allocations: 6105)


Started POST "/api/v1/movies" for ::1 at 2020-01-10 14:29:15 -0500
Processing by Api::V1::MoviesController#create as */*
  Parameters: {"title"=>"Airplane", "imageUrl"=>"https://images-na.ssl-images-amazon.com/images/I/51zWRLrTz3L._AC_.jpg", "year"=>"1980", "score"=>0, "movie"=>{"title"=>"Airplane", "year"=>"1980", "score"=>0, "imageUrl"=>"https://images-na.ssl-images-amazon.com/images/I/51zWRLrTz3L._AC_.jpg"}}
[31mUnpermitted parameter: :movie[0m
  [1m[35m (0.2ms)[0m  [1m[35mBEGIN[0m
  ↳ app/controllers/api/v1/movies_controller.rb:9:in `create'
  [1m[36mMovie Create (0.7ms)[0m  [1m[32mINSERT INTO "movies" ("title", "year", "score", "imageUrl", "created_at", "updated_at") VALUES ($1, $2, $3, $4, $5, $6) RETURNING "id"[0m  [["title", "Airplane"], ["year", 1980], ["score", 0], ["imageUrl", "https://images-na.ssl-images-amazon.com/images/I/51zWRLrTz3L._AC_.jpg"], ["created_at", "2020-01-10 19:29:15.976552"], ["updated_at", "2020-01-10 19:29:15.976552"]]
  ↳ app/controllers/api/v1/movies_controller.rb:9:in `create'
  [1m[35m (0.5ms)[0m  [1m[35mCOMMIT[0m
  ↳ app/controllers/api/v1/movies_controller.rb:9:in `create'
Completed 200 OK in 8ms (Views: 0.2ms | ActiveRecord: 1.4ms | Allocations: 2554)


Started GET "/api/v1/movies" for ::1 at 2020-01-10 14:30:56 -0500
Processing by Api::V1::MoviesController#index as */*
  [1m[36mMovie Load (0.3ms)[0m  [1m[34mSELECT "movies".* FROM "movies"[0m
  ↳ app/controllers/api/v1/movies_controller.rb:5:in `index'
Completed 200 OK in 3ms (Views: 2.0ms | ActiveRecord: 0.3ms | Allocations: 1634)


Started GET "/api/v1/movies" for ::1 at 2020-01-10 14:31:00 -0500
Processing by Api::V1::MoviesController#index as */*
  [1m[36mMovie Load (0.4ms)[0m  [1m[34mSELECT "movies".* FROM "movies"[0m
  ↳ app/controllers/api/v1/movies_controller.rb:5:in `index'
Completed 200 OK in 4ms (Views: 2.8ms | ActiveRecord: 0.4ms | Allocations: 1616)


Started GET "/api/v1/movies" for ::1 at 2020-01-21 09:42:18 -0500
  [1m[35m (0.9ms)[0m  [1m[34mSELECT "schema_migrations"."version" FROM "schema_migrations" ORDER BY "schema_migrations"."version" ASC[0m
Processing by Api::V1::MoviesController#index as */*
  [1m[36mMovie Load (0.7ms)[0m  [1m[34mSELECT "movies".* FROM "movies"[0m
  ↳ app/controllers/api/v1/movies_controller.rb:5:in `index'
Completed 200 OK in 14ms (Views: 5.9ms | ActiveRecord: 6.3ms | Allocations: 7112)


Started GET "/api/v1/movies" for ::1 at 2020-01-21 09:45:31 -0500
Processing by Api::V1::MoviesController#index as */*
  [1m[36mMovie Load (0.4ms)[0m  [1m[34mSELECT "movies".* FROM "movies"[0m
  ↳ app/controllers/api/v1/movies_controller.rb:5:in `index'
Completed 200 OK in 4ms (Views: 2.9ms | ActiveRecord: 0.4ms | Allocations: 1946)


Started GET "/api/v1/movies" for ::1 at 2020-01-21 09:46:30 -0500
Processing by Api::V1::MoviesController#index as */*
  [1m[36mMovie Load (0.4ms)[0m  [1m[34mSELECT "movies".* FROM "movies"[0m
  ↳ app/controllers/api/v1/movies_controller.rb:5:in `index'
Completed 200 OK in 4ms (Views: 3.5ms | ActiveRecord: 0.4ms | Allocations: 1946)


Started GET "/api/v1/movies" for ::1 at 2020-01-21 09:46:52 -0500
Processing by Api::V1::MoviesController#index as */*
  [1m[36mMovie Load (0.5ms)[0m  [1m[34mSELECT "movies".* FROM "movies"[0m
  ↳ app/controllers/api/v1/movies_controller.rb:5:in `index'
Completed 200 OK in 4ms (Views: 3.0ms | ActiveRecord: 0.5ms | Allocations: 1946)


Started GET "/api/v1/movies" for ::1 at 2020-01-21 09:58:20 -0500
Processing by Api::V1::MoviesController#index as */*
  [1m[36mMovie Load (0.6ms)[0m  [1m[34mSELECT "movies".* FROM "movies"[0m
  ↳ app/controllers/api/v1/movies_controller.rb:5:in `index'
Completed 200 OK in 2ms (Views: 1.6ms | ActiveRecord: 0.6ms | Allocations: 2001)


Started GET "/api/v1/movies" for ::1 at 2020-01-21 10:06:12 -0500
Processing by Api::V1::MoviesController#index as */*
  [1m[36mMovie Load (0.8ms)[0m  [1m[34mSELECT "movies".* FROM "movies"[0m
  ↳ app/controllers/api/v1/movies_controller.rb:5:in `index'
Completed 200 OK in 3ms (Views: 1.8ms | ActiveRecord: 0.8ms | Allocations: 2013)


Started GET "/api/v1/movies" for ::1 at 2020-01-21 10:06:24 -0500
Processing by Api::V1::MoviesController#index as */*
  [1m[36mMovie Load (0.8ms)[0m  [1m[34mSELECT "movies".* FROM "movies"[0m
  ↳ app/controllers/api/v1/movies_controller.rb:5:in `index'
Completed 200 OK in 5ms (Views: 3.7ms | ActiveRecord: 0.8ms | Allocations: 1928)


Started GET "/api/v1/movies" for ::1 at 2020-01-21 10:08:56 -0500
Processing by Api::V1::MoviesController#index as */*
  [1m[36mMovie Load (0.3ms)[0m  [1m[34mSELECT "movies".* FROM "movies"[0m
  ↳ app/controllers/api/v1/movies_controller.rb:5:in `index'
Completed 200 OK in 3ms (Views: 2.5ms | ActiveRecord: 0.3ms | Allocations: 1928)


Started GET "/api/v1/movies" for ::1 at 2020-01-21 10:10:17 -0500
Processing by Api::V1::MoviesController#index as */*
  [1m[36mMovie Load (0.4ms)[0m  [1m[34mSELECT "movies".* FROM "movies"[0m
  ↳ app/controllers/api/v1/movies_controller.rb:5:in `index'
Completed 200 OK in 3ms (Views: 2.5ms | ActiveRecord: 0.4ms | Allocations: 1928)


Started GET "/api/v1/movies" for ::1 at 2020-01-21 10:10:58 -0500
Processing by Api::V1::MoviesController#index as */*
  [1m[36mMovie Load (0.5ms)[0m  [1m[34mSELECT "movies".* FROM "movies"[0m
  ↳ app/controllers/api/v1/movies_controller.rb:5:in `index'
Completed 200 OK in 5ms (Views: 3.8ms | ActiveRecord: 0.5ms | Allocations: 1928)


Started GET "/api/v1/movies" for ::1 at 2020-01-21 10:11:41 -0500
Processing by Api::V1::MoviesController#index as */*
  [1m[36mMovie Load (0.3ms)[0m  [1m[34mSELECT "movies".* FROM "movies"[0m
  ↳ app/controllers/api/v1/movies_controller.rb:5:in `index'
Completed 200 OK in 3ms (Views: 2.5ms | ActiveRecord: 0.3ms | Allocations: 1928)


Started GET "/api/v1/movies" for ::1 at 2020-01-21 10:11:51 -0500
Processing by Api::V1::MoviesController#index as */*
  [1m[36mMovie Load (0.5ms)[0m  [1m[34mSELECT "movies".* FROM "movies"[0m
  ↳ app/controllers/api/v1/movies_controller.rb:5:in `index'
Completed 200 OK in 4ms (Views: 3.3ms | ActiveRecord: 0.5ms | Allocations: 1929)


Started GET "/api/v1/movies" for ::1 at 2020-01-21 10:11:58 -0500
Processing by Api::V1::MoviesController#index as */*
  [1m[36mMovie Load (0.3ms)[0m  [1m[34mSELECT "movies".* FROM "movies"[0m
  ↳ app/controllers/api/v1/movies_controller.rb:5:in `index'
Completed 200 OK in 3ms (Views: 2.7ms | ActiveRecord: 0.3ms | Allocations: 1928)


Started GET "/api/v1/movies" for ::1 at 2020-01-21 10:13:04 -0500
Processing by Api::V1::MoviesController#index as */*
  [1m[36mMovie Load (0.4ms)[0m  [1m[34mSELECT "movies".* FROM "movies"[0m
  ↳ app/controllers/api/v1/movies_controller.rb:5:in `index'
Completed 200 OK in 3ms (Views: 2.6ms | ActiveRecord: 0.4ms | Allocations: 1928)


Started GET "/api/v1/movies" for ::1 at 2020-01-21 10:13:26 -0500
Processing by Api::V1::MoviesController#index as */*
  [1m[36mMovie Load (0.9ms)[0m  [1m[34mSELECT "movies".* FROM "movies"[0m
  ↳ app/controllers/api/v1/movies_controller.rb:5:in `index'
Completed 200 OK in 5ms (Views: 3.6ms | ActiveRecord: 0.9ms | Allocations: 1928)


Started GET "/api/v1/movies" for ::1 at 2020-01-21 10:26:33 -0500
Processing by Api::V1::MoviesController#index as */*
  [1m[36mMovie Load (0.9ms)[0m  [1m[34mSELECT "movies".* FROM "movies"[0m
  ↳ app/controllers/api/v1/movies_controller.rb:5:in `index'
Completed 200 OK in 4ms (Views: 2.4ms | ActiveRecord: 0.9ms | Allocations: 2001)


Started GET "/api/v1/movies" for ::1 at 2020-01-21 10:27:02 -0500
Processing by Api::V1::MoviesController#index as */*
  [1m[36mMovie Load (0.5ms)[0m  [1m[34mSELECT "movies".* FROM "movies"[0m
  ↳ app/controllers/api/v1/movies_controller.rb:5:in `index'
Completed 200 OK in 4ms (Views: 3.4ms | ActiveRecord: 0.5ms | Allocations: 1928)


Started GET "/api/v1/movies" for ::1 at 2020-01-21 10:27:12 -0500
Processing by Api::V1::MoviesController#index as */*
  [1m[36mMovie Load (3.7ms)[0m  [1m[34mSELECT "movies".* FROM "movies"[0m
  ↳ app/controllers/api/v1/movies_controller.rb:5:in `index'
Completed 200 OK in 7ms (Views: 3.1ms | ActiveRecord: 3.7ms | Allocations: 1928)


Started GET "/api/v1/movies" for ::1 at 2020-01-21 10:28:12 -0500
Processing by Api::V1::MoviesController#index as */*
  [1m[36mMovie Load (0.4ms)[0m  [1m[34mSELECT "movies".* FROM "movies"[0m
  ↳ app/controllers/api/v1/movies_controller.rb:5:in `index'
Completed 200 OK in 3ms (Views: 2.2ms | ActiveRecord: 0.4ms | Allocations: 1928)


Started GET "/api/v1/movies" for ::1 at 2020-01-21 10:28:27 -0500
Processing by Api::V1::MoviesController#index as */*
  [1m[36mMovie Load (0.5ms)[0m  [1m[34mSELECT "movies".* FROM "movies"[0m
  ↳ app/controllers/api/v1/movies_controller.rb:5:in `index'
Completed 200 OK in 4ms (Views: 3.2ms | ActiveRecord: 0.5ms | Allocations: 1928)


Started GET "/api/v1/movies" for ::1 at 2020-01-21 10:32:34 -0500
Processing by Api::V1::MoviesController#index as */*
  [1m[36mMovie Load (0.4ms)[0m  [1m[34mSELECT "movies".* FROM "movies"[0m
  ↳ app/controllers/api/v1/movies_controller.rb:5:in `index'
Completed 200 OK in 3ms (Views: 2.3ms | ActiveRecord: 0.4ms | Allocations: 1928)


Started GET "/api/v1/movies" for ::1 at 2020-01-21 10:34:18 -0500
Processing by Api::V1::MoviesController#index as */*
  [1m[36mMovie Load (0.4ms)[0m  [1m[34mSELECT "movies".* FROM "movies"[0m
  ↳ app/controllers/api/v1/movies_controller.rb:5:in `index'
Completed 200 OK in 3ms (Views: 2.8ms | ActiveRecord: 0.4ms | Allocations: 1928)


Started GET "/api/v1/movies" for ::1 at 2020-01-21 10:34:41 -0500
Processing by Api::V1::MoviesController#index as */*
  [1m[36mMovie Load (0.5ms)[0m  [1m[34mSELECT "movies".* FROM "movies"[0m
  ↳ app/controllers/api/v1/movies_controller.rb:5:in `index'
Completed 200 OK in 4ms (Views: 2.9ms | ActiveRecord: 0.5ms | Allocations: 1929)


Started GET "/api/v1/movies" for ::1 at 2020-01-21 10:34:42 -0500
Processing by Api::V1::MoviesController#index as */*
  [1m[36mMovie Load (0.4ms)[0m  [1m[34mSELECT "movies".* FROM "movies"[0m
  ↳ app/controllers/api/v1/movies_controller.rb:5:in `index'
Completed 200 OK in 2ms (Views: 1.6ms | ActiveRecord: 0.4ms | Allocations: 1928)


Started GET "/api/v1/movies" for ::1 at 2020-01-21 10:34:58 -0500
Processing by Api::V1::MoviesController#index as */*
  [1m[36mMovie Load (4.2ms)[0m  [1m[34mSELECT "movies".* FROM "movies"[0m
  ↳ app/controllers/api/v1/movies_controller.rb:5:in `index'
Completed 200 OK in 8ms (Views: 3.2ms | ActiveRecord: 4.2ms | Allocations: 1928)


Started GET "/api/v1/movies" for ::1 at 2020-01-21 10:58:03 -0500
Processing by Api::V1::MoviesController#index as */*
  [1m[36mMovie Load (1.0ms)[0m  [1m[34mSELECT "movies".* FROM "movies"[0m
  ↳ app/controllers/api/v1/movies_controller.rb:5:in `index'
Completed 200 OK in 3ms (Views: 2.0ms | ActiveRecord: 1.0ms | Allocations: 2001)


Started GET "/api/v1/movies" for ::1 at 2020-01-21 10:58:06 -0500
Processing by Api::V1::MoviesController#index as */*
  [1m[36mMovie Load (0.5ms)[0m  [1m[34mSELECT "movies".* FROM "movies"[0m
  ↳ app/controllers/api/v1/movies_controller.rb:5:in `index'
Completed 200 OK in 4ms (Views: 3.0ms | ActiveRecord: 0.5ms | Allocations: 1928)


Started GET "/api/v1/movies" for ::1 at 2020-01-21 10:58:32 -0500
Processing by Api::V1::MoviesController#index as */*
  [1m[36mMovie Load (2.0ms)[0m  [1m[34mSELECT "movies".* FROM "movies"[0m
  ↳ app/controllers/api/v1/movies_controller.rb:5:in `index'
Completed 200 OK in 5ms (Views: 3.2ms | ActiveRecord: 2.0ms | Allocations: 1928)


Started GET "/api/v1/movies" for ::1 at 2020-01-21 10:58:37 -0500
Processing by Api::V1::MoviesController#index as */*
  [1m[36mMovie Load (0.6ms)[0m  [1m[34mSELECT "movies".* FROM "movies"[0m
  ↳ app/controllers/api/v1/movies_controller.rb:5:in `index'
Completed 200 OK in 4ms (Views: 3.0ms | ActiveRecord: 0.6ms | Allocations: 1928)


Started GET "/api/v1/movies" for ::1 at 2020-01-21 10:58:38 -0500
Processing by Api::V1::MoviesController#index as */*
  [1m[36mMovie Load (0.5ms)[0m  [1m[34mSELECT "movies".* FROM "movies"[0m
  ↳ app/controllers/api/v1/movies_controller.rb:5:in `index'
Completed 200 OK in 2ms (Views: 1.6ms | ActiveRecord: 0.5ms | Allocations: 1928)


Started GET "/api/v1/movies" for ::1 at 2020-01-21 11:00:45 -0500
Processing by Api::V1::MoviesController#index as HTML
  [1m[36mMovie Load (0.4ms)[0m  [1m[34mSELECT "movies".* FROM "movies"[0m
  ↳ app/controllers/api/v1/movies_controller.rb:5:in `index'
Completed 200 OK in 3ms (Views: 2.3ms | ActiveRecord: 0.4ms | Allocations: 1927)


Started GET "/api/v1/movies" for ::1 at 2020-01-21 11:01:46 -0500
Processing by Api::V1::MoviesController#index as */*
  [1m[36mMovie Load (0.4ms)[0m  [1m[34mSELECT "movies".* FROM "movies"[0m
  ↳ app/controllers/api/v1/movies_controller.rb:5:in `index'
Completed 200 OK in 3ms (Views: 2.3ms | ActiveRecord: 0.4ms | Allocations: 1928)


Started GET "/api/v1/movies" for ::1 at 2020-01-21 11:03:19 -0500
Processing by Api::V1::MoviesController#index as */*
  [1m[36mMovie Load (0.4ms)[0m  [1m[34mSELECT "movies".* FROM "movies"[0m
  ↳ app/controllers/api/v1/movies_controller.rb:5:in `index'
Completed 200 OK in 3ms (Views: 2.3ms | ActiveRecord: 0.4ms | Allocations: 1928)


Started GET "/api/v1/movies" for ::1 at 2020-01-21 11:03:36 -0500
Processing by Api::V1::MoviesController#index as */*
  [1m[36mMovie Load (0.4ms)[0m  [1m[34mSELECT "movies".* FROM "movies"[0m
  ↳ app/controllers/api/v1/movies_controller.rb:5:in `index'
Completed 200 OK in 3ms (Views: 2.4ms | ActiveRecord: 0.4ms | Allocations: 1928)


Started GET "/api/v1/movies" for ::1 at 2020-01-21 11:04:13 -0500
Processing by Api::V1::MoviesController#index as */*
  [1m[36mMovie Load (0.3ms)[0m  [1m[34mSELECT "movies".* FROM "movies"[0m
  ↳ app/controllers/api/v1/movies_controller.rb:5:in `index'
Completed 200 OK in 2ms (Views: 1.7ms | ActiveRecord: 0.3ms | Allocations: 1928)


Started GET "/api/v1/movies" for ::1 at 2020-01-21 11:04:52 -0500
Processing by Api::V1::MoviesController#index as */*
  [1m[36mMovie Load (0.4ms)[0m  [1m[34mSELECT "movies".* FROM "movies"[0m
  ↳ app/controllers/api/v1/movies_controller.rb:5:in `index'
Completed 200 OK in 3ms (Views: 2.4ms | ActiveRecord: 0.4ms | Allocations: 1928)


Started GET "/api/v1/movies" for ::1 at 2020-01-21 11:06:56 -0500
Processing by Api::V1::MoviesController#index as */*
  [1m[36mMovie Load (0.5ms)[0m  [1m[34mSELECT "movies".* FROM "movies"[0m
  ↳ app/controllers/api/v1/movies_controller.rb:5:in `index'
Completed 200 OK in 3ms (Views: 2.4ms | ActiveRecord: 0.5ms | Allocations: 1928)


Started GET "/api/v1/movies" for ::1 at 2020-01-21 11:07:06 -0500
Processing by Api::V1::MoviesController#index as */*
  [1m[36mMovie Load (0.4ms)[0m  [1m[34mSELECT "movies".* FROM "movies"[0m
  ↳ app/controllers/api/v1/movies_controller.rb:5:in `index'
Completed 200 OK in 3ms (Views: 2.3ms | ActiveRecord: 0.4ms | Allocations: 1928)


Started GET "/api/v1/movies" for ::1 at 2020-01-21 11:07:11 -0500
Processing by Api::V1::MoviesController#index as */*
  [1m[36mMovie Load (0.3ms)[0m  [1m[34mSELECT "movies".* FROM "movies"[0m
  ↳ app/controllers/api/v1/movies_controller.rb:5:in `index'
Completed 200 OK in 3ms (Views: 2.2ms | ActiveRecord: 0.3ms | Allocations: 1928)


Started GET "/api/v1/movies" for ::1 at 2020-01-21 11:18:04 -0500
Processing by Api::V1::MoviesController#index as */*
  [1m[36mMovie Load (1.1ms)[0m  [1m[34mSELECT "movies".* FROM "movies"[0m
  ↳ app/controllers/api/v1/movies_controller.rb:5:in `index'
Completed 200 OK in 4ms (Views: 2.2ms | ActiveRecord: 1.1ms | Allocations: 2001)


Started GET "/api/v1/movies" for ::1 at 2020-01-21 11:19:50 -0500
Processing by Api::V1::MoviesController#index as */*
  [1m[36mMovie Load (0.5ms)[0m  [1m[34mSELECT "movies".* FROM "movies"[0m
  ↳ app/controllers/api/v1/movies_controller.rb:5:in `index'
Completed 200 OK in 3ms (Views: 2.3ms | ActiveRecord: 0.5ms | Allocations: 1928)


Started GET "/api/v1/movies" for ::1 at 2020-01-21 11:25:52 -0500
Processing by Api::V1::MoviesController#index as */*
  [1m[36mMovie Load (0.9ms)[0m  [1m[34mSELECT "movies".* FROM "movies"[0m
  ↳ app/controllers/api/v1/movies_controller.rb:5:in `index'
Completed 200 OK in 3ms (Views: 1.8ms | ActiveRecord: 0.9ms | Allocations: 2001)


Started GET "/api/v1/movies" for ::1 at 2020-01-21 11:31:20 -0500
Processing by Api::V1::MoviesController#index as */*
  [1m[36mMovie Load (0.4ms)[0m  [1m[34mSELECT "movies".* FROM "movies"[0m
  ↳ app/controllers/api/v1/movies_controller.rb:5:in `index'
Completed 200 OK in 3ms (Views: 2.7ms | ActiveRecord: 0.4ms | Allocations: 1928)


Started POST "/api/v1/movies" for ::1 at 2020-01-21 11:32:09 -0500
Processing by Api::V1::MoviesController#create as */*
  Parameters: {"title"=>"Terminator 2 ", "imageUrl"=>"https://musicart.xboxlive.com/7/95085100-0000-0000-0000-000000000002/504/image.jpg?w=1920&h=1080", "year"=>"1994", "score"=>0, "movie"=>{"title"=>"Terminator 2 ", "year"=>"1994", "score"=>0, "imageUrl"=>"https://musicart.xboxlive.com/7/95085100-0000-0000-0000-000000000002/504/image.jpg?w=1920&h=1080"}}
[31mUnpermitted parameter: :movie[0m
  [1m[35m (0.2ms)[0m  [1m[35mBEGIN[0m
  ↳ app/controllers/api/v1/movies_controller.rb:9:in `create'
  [1m[36mMovie Create (1.6ms)[0m  [1m[32mINSERT INTO "movies" ("title", "year", "score", "imageUrl", "created_at", "updated_at") VALUES ($1, $2, $3, $4, $5, $6) RETURNING "id"[0m  [["title", "Terminator 2 "], ["year", 1994], ["score", 0], ["imageUrl", "https://musicart.xboxlive.com/7/95085100-0000-0000-0000-000000000002/504/image.jpg?w=1920&h=1080"], ["created_at", "2020-01-21 16:32:09.758796"], ["updated_at", "2020-01-21 16:32:09.758796"]]
  ↳ app/controllers/api/v1/movies_controller.rb:9:in `create'
  [1m[35m (0.6ms)[0m  [1m[35mCOMMIT[0m
  ↳ app/controllers/api/v1/movies_controller.rb:9:in `create'
Completed 200 OK in 6ms (Views: 0.2ms | ActiveRecord: 2.3ms | Allocations: 2544)


